2024-02-18T00:00:00.936+03:00  INFO 34484 --- [http-nio-8080-exec-2] o.a.c.c.C.[Tomcat].[localhost].[/]       : Initializing Spring DispatcherServlet 'dispatcherServlet'
2024-02-18T00:00:00.946+03:00  INFO 34484 --- [http-nio-8080-exec-2] o.s.web.servlet.DispatcherServlet        : Initializing Servlet 'dispatcherServlet'
2024-02-18T00:00:00.950+03:00  INFO 34484 --- [http-nio-8080-exec-2] o.s.web.servlet.DispatcherServlet        : Completed initialization in 3 ms
2024-02-18T00:00:01.005+03:00  INFO 34484 --- [http-nio-8080-exec-2] c.e.t.aspect.UserActionLoggingAspect     : User action in method TaskController.getAllTasks(): Params: []
2024-02-18T00:00:01.006+03:00  INFO 34484 --- [http-nio-8080-exec-2] c.e.t.aspect.UserActionLoggingAspect     : User action in method TaskService.getAllTasks(): Params: []
2024-02-18T00:00:01.293+03:00  INFO 34484 --- [http-nio-8080-exec-2] c.e.t.aspect.UserActionLoggingAspect     : User action in method TaskService.getAllTasks(): Result: [com.example.taskmanager.model.Task@244d1145, com.example.taskmanager.model.Task@45721bef, com.example.taskmanager.model.Task@3fe2e1cc, com.example.taskmanager.model.Task@50b60c9e]. Execution Time: 287 ms
2024-02-18T00:00:01.302+03:00  INFO 34484 --- [http-nio-8080-exec-2] c.e.t.aspect.UserActionLoggingAspect     : User action in method TaskController.getAllTasks(): Result: <200 OK OK,[com.example.taskmanager.model.Task@244d1145, com.example.taskmanager.model.Task@45721bef, com.example.taskmanager.model.Task@3fe2e1cc, com.example.taskmanager.model.Task@50b60c9e],[]>. Execution Time: 298 ms
2024-02-18T00:02:15.118+03:00  INFO 34484 --- [http-nio-8080-exec-4] c.e.t.aspect.UserActionLoggingAspect     : User action in method TaskController.addTask(..): Params: [com.example.taskmanager.model.Task@5d19443]
2024-02-18T00:02:15.199+03:00  INFO 34484 --- [http-nio-8080-exec-4] c.e.t.aspect.UserActionLoggingAspect     : User action in method TaskService.addTask(..): Params: [com.example.taskmanager.model.Task@5d19443]
2024-02-18T00:02:15.226+03:00  INFO 34484 --- [http-nio-8080-exec-4] c.e.t.aspect.UserActionLoggingAspect     : User action in method TaskService.addTask(..): Result: null. Execution Time: 27 ms
2024-02-18T00:02:15.226+03:00  INFO 34484 --- [http-nio-8080-exec-4] c.e.t.aspect.UserActionLoggingAspect     : User action in method TaskController.addTask(..): Result: <200 OK OK,Task successfully added,[]>. Execution Time: 108 ms
2024-02-18T00:03:16.898+03:00  INFO 34484 --- [http-nio-8080-exec-8] c.e.t.aspect.UserActionLoggingAspect     : User action in method TaskController.getAllTasks(): Params: []
2024-02-18T00:03:16.898+03:00  INFO 34484 --- [http-nio-8080-exec-8] c.e.t.aspect.UserActionLoggingAspect     : User action in method TaskService.getAllTasks(): Params: []
2024-02-18T00:03:16.905+03:00  INFO 34484 --- [http-nio-8080-exec-8] c.e.t.aspect.UserActionLoggingAspect     : User action in method TaskService.getAllTasks(): Result: [com.example.taskmanager.model.Task@1e4ec687, com.example.taskmanager.model.Task@4d9912c7, com.example.taskmanager.model.Task@5015ffd6, com.example.taskmanager.model.Task@1149c6a8, com.example.taskmanager.model.Task@6d3c04f6]. Execution Time: 7 ms
2024-02-18T00:03:16.906+03:00  INFO 34484 --- [http-nio-8080-exec-8] c.e.t.aspect.UserActionLoggingAspect     : User action in method TaskController.getAllTasks(): Result: <200 OK OK,[com.example.taskmanager.model.Task@1e4ec687, com.example.taskmanager.model.Task@4d9912c7, com.example.taskmanager.model.Task@5015ffd6, com.example.taskmanager.model.Task@1149c6a8, com.example.taskmanager.model.Task@6d3c04f6],[]>. Execution Time: 8 ms
2024-02-18T00:03:40.805+03:00  WARN 34484 --- [http-nio-8080-exec-9] .w.s.m.s.DefaultHandlerExceptionResolver : Resolved [org.springframework.web.HttpRequestMethodNotSupportedException: Request method 'POST' is not supported]
2024-02-18T00:03:51.325+03:00  INFO 34484 --- [http-nio-8080-exec-10] c.e.t.aspect.UserActionLoggingAspect     : User action in method TaskController.updateTaskStatus(..): Params: [6, IN_PROGRESS]
2024-02-18T00:03:51.326+03:00  INFO 34484 --- [http-nio-8080-exec-10] c.e.t.aspect.UserActionLoggingAspect     : User action in method TaskService.updateTaskStatus(..): Params: [6, IN_PROGRESS]
2024-02-18T00:03:51.501+03:00  INFO 34484 --- [http-nio-8080-exec-10] c.e.t.aspect.UserActionLoggingAspect     : User action in method TaskService.updateTaskStatus(..): Result: null. Execution Time: 175 ms
2024-02-18T00:03:51.502+03:00  INFO 34484 --- [http-nio-8080-exec-10] c.e.t.aspect.UserActionLoggingAspect     : User action in method TaskController.updateTaskStatus(..): Result: <200 OK OK,Task status updated,[]>. Execution Time: 177 ms
2024-02-18T00:05:08.063+03:00  INFO 34484 --- [http-nio-8080-exec-3] c.e.t.aspect.UserActionLoggingAspect     : User action in method TaskController.deleteTask(..): Params: [3]
2024-02-18T00:05:08.064+03:00  INFO 34484 --- [http-nio-8080-exec-3] c.e.t.aspect.UserActionLoggingAspect     : User action in method TaskService.deleteTask(..): Params: [3]
2024-02-18T00:05:08.208+03:00  INFO 34484 --- [http-nio-8080-exec-3] c.e.t.aspect.UserActionLoggingAspect     : User action in method TaskService.deleteTask(..): Result: null. Execution Time: 144 ms
2024-02-18T00:05:08.209+03:00  INFO 34484 --- [http-nio-8080-exec-3] c.e.t.aspect.UserActionLoggingAspect     : User action in method TaskController.deleteTask(..): Result: <200 OK OK,Task deleted,[]>. Execution Time: 146 ms
2024-02-18T00:05:16.589+03:00  INFO 34484 --- [http-nio-8080-exec-5] c.e.t.aspect.UserActionLoggingAspect     : User action in method TaskController.getAllTasks(): Params: []
2024-02-18T00:05:16.590+03:00  INFO 34484 --- [http-nio-8080-exec-5] c.e.t.aspect.UserActionLoggingAspect     : User action in method TaskService.getAllTasks(): Params: []
2024-02-18T00:05:16.600+03:00  INFO 34484 --- [http-nio-8080-exec-5] c.e.t.aspect.UserActionLoggingAspect     : User action in method TaskService.getAllTasks(): Result: [com.example.taskmanager.model.Task@68bce1db, com.example.taskmanager.model.Task@429af101, com.example.taskmanager.model.Task@6cf27dd6, com.example.taskmanager.model.Task@65a525e7]. Execution Time: 10 ms
2024-02-18T00:05:16.601+03:00  INFO 34484 --- [http-nio-8080-exec-5] c.e.t.aspect.UserActionLoggingAspect     : User action in method TaskController.getAllTasks(): Result: <200 OK OK,[com.example.taskmanager.model.Task@68bce1db, com.example.taskmanager.model.Task@429af101, com.example.taskmanager.model.Task@6cf27dd6, com.example.taskmanager.model.Task@65a525e7],[]>. Execution Time: 12 ms
2024-02-18T00:05:44.148+03:00  INFO 34484 --- [http-nio-8080-exec-4] c.e.t.aspect.UserActionLoggingAspect     : User action in method TaskController.getAllExecutors(): Params: []
2024-02-18T00:05:44.163+03:00  INFO 34484 --- [http-nio-8080-exec-4] c.e.t.aspect.UserActionLoggingAspect     : User action in method TaskController.getAllExecutors(): Result: <200 OK OK,[com.example.taskmanager.model.Person@763c93f, com.example.taskmanager.model.Person@56683e4, com.example.taskmanager.model.Person@44d05937, com.example.taskmanager.model.Person@312175b5],[]>. Execution Time: 15 ms
2024-02-18T00:06:15.254+03:00  INFO 34484 --- [SpringApplicationShutdownHook] j.LocalContainerEntityManagerFactoryBean : Closing JPA EntityManagerFactory for persistence unit 'default'
2024-02-18T00:06:15.259+03:00  INFO 34484 --- [SpringApplicationShutdownHook] com.zaxxer.hikari.HikariDataSource       : HikariPool-1 - Shutdown initiated...
2024-02-18T00:06:15.264+03:00  INFO 34484 --- [SpringApplicationShutdownHook] com.zaxxer.hikari.HikariDataSource       : HikariPool-1 - Shutdown completed.
2024-02-26T23:26:11.680+03:00  INFO 116216 --- [main] c.example.taskmanager.PersonServiceTest  : Starting PersonServiceTest using Java 19.0.1 with PID 116216 (started by 79818 in C:\Users\79818\Desktop\Java\Spring\taskmanager)
2024-02-26T23:26:11.682+03:00  INFO 116216 --- [main] c.example.taskmanager.PersonServiceTest  : No active profile set, falling back to 1 default profile: "default"
2024-02-26T23:26:13.870+03:00  INFO 116216 --- [main] .s.d.r.c.RepositoryConfigurationDelegate : Bootstrapping Spring Data JPA repositories in DEFAULT mode.
2024-02-26T23:26:14.077+03:00  INFO 116216 --- [main] .s.d.r.c.RepositoryConfigurationDelegate : Finished Spring Data repository scanning in 175 ms. Found 2 JPA repository interfaces.
2024-02-26T23:26:16.101+03:00  INFO 116216 --- [main] o.hibernate.jpa.internal.util.LogHelper  : HHH000204: Processing PersistenceUnitInfo [name: default]
2024-02-26T23:26:16.359+03:00  INFO 116216 --- [main] org.hibernate.Version                    : HHH000412: Hibernate ORM core version 6.4.1.Final
2024-02-26T23:26:16.461+03:00  INFO 116216 --- [main] o.h.c.internal.RegionFactoryInitiator    : HHH000026: Second-level cache disabled
2024-02-26T23:26:17.325+03:00  INFO 116216 --- [main] o.s.o.j.p.SpringPersistenceUnitInfo      : No LoadTimeWeaver setup: ignoring JPA class transformer
2024-02-26T23:26:17.376+03:00  INFO 116216 --- [main] com.zaxxer.hikari.HikariDataSource       : HikariPool-1 - Starting...
2024-02-26T23:26:17.596+03:00  INFO 116216 --- [main] com.zaxxer.hikari.pool.HikariPool        : HikariPool-1 - Added connection org.postgresql.jdbc.PgConnection@60f662bd
2024-02-26T23:26:17.598+03:00  INFO 116216 --- [main] com.zaxxer.hikari.HikariDataSource       : HikariPool-1 - Start completed.
2024-02-26T23:26:19.144+03:00  INFO 116216 --- [main] o.h.e.t.j.p.i.JtaPlatformInitiator       : HHH000489: No JTA platform available (set 'hibernate.transaction.jta.platform' to enable JTA platform integration)
2024-02-26T23:26:19.463+03:00  INFO 116216 --- [main] j.LocalContainerEntityManagerFactoryBean : Initialized JPA EntityManagerFactory for persistence unit 'default'
2024-02-26T23:26:20.363+03:00  WARN 116216 --- [main] JpaBaseConfiguration$JpaWebConfiguration : spring.jpa.open-in-view is enabled by default. Therefore, database queries may be performed during view rendering. Explicitly configure spring.jpa.open-in-view to disable this warning
2024-02-26T23:26:20.874+03:00  WARN 116216 --- [main] ion$DefaultTemplateResolverConfiguration : Cannot find template location: classpath:/templates/ (please add some templates, check your Thymeleaf configuration, or set spring.thymeleaf.check-template-location=false)
2024-02-26T23:26:21.118+03:00  INFO 116216 --- [main] c.example.taskmanager.PersonServiceTest  : Started PersonServiceTest in 10.012 seconds (process running for 12.2)
2024-02-26T23:26:22.409+03:00  INFO 116216 --- [SpringApplicationShutdownHook] j.LocalContainerEntityManagerFactoryBean : Closing JPA EntityManagerFactory for persistence unit 'default'
2024-02-26T23:26:22.414+03:00  INFO 116216 --- [SpringApplicationShutdownHook] com.zaxxer.hikari.HikariDataSource       : HikariPool-1 - Shutdown initiated...
2024-02-26T23:26:22.425+03:00  INFO 116216 --- [SpringApplicationShutdownHook] com.zaxxer.hikari.HikariDataSource       : HikariPool-1 - Shutdown completed.
